<?xml version="1.0" encoding="UTF-8"?>
<testsuite xmlns:xsi="http://www.w3.org/2001/XMLSchema-instance" xsi:noNamespaceSchemaLocation="https://maven.apache.org/surefire/maven-surefire-plugin/xsd/surefire-test-report.xsd" name="com.nnk.springboot.CurvePointTests" time="0.023" tests="1" errors="1" skipped="0" failures="0">
  <properties>
[...]
</properties>
  <testcase name="curvePointTest" classname="com.nnk.springboot.CurvePointTests" time="0.001">
    <error type="java.lang.NullPointerException">java.lang.NullPointerException
	at com.nnk.springboot.CurvePointTests.curvePointTest(CurvePointTests.java:29)
</error>
    <system-out><![CDATA[2020-11-29 12:44:10.286  INFO 15232 --- [           main] .b.t.c.SpringBootTestContextBootstrapper : Neither @ContextConfiguration nor @ContextHierarchy found for test class [com.nnk.springboot.CurvePointTests], using SpringBootContextLoader
2020-11-29 12:44:10.287  INFO 15232 --- [           main] o.s.t.c.support.AbstractContextLoader    : Could not detect default resource locations for test class [com.nnk.springboot.CurvePointTests]: no resource found for suffixes {-context.xml, Context.groovy}.
2020-11-29 12:44:10.287  INFO 15232 --- [           main] t.c.s.AnnotationConfigContextLoaderUtils : Could not detect default configuration classes for test class [com.nnk.springboot.CurvePointTests]: CurvePointTests does not declare any static, non-private, non-final, nested classes annotated with @Configuration.
2020-11-29 12:44:10.301  INFO 15232 --- [           main] .b.t.c.SpringBootTestContextBootstrapper : Found @SpringBootConfiguration com.nnk.springboot.Application for test class com.nnk.springboot.CurvePointTests
2020-11-29 12:44:10.304  INFO 15232 --- [           main] .b.t.c.SpringBootTestContextBootstrapper : Loaded default TestExecutionListener class names from location [META-INF/spring.factories]: [org.springframework.boot.test.mock.mockito.MockitoTestExecutionListener, org.springframework.boot.test.mock.mockito.ResetMocksTestExecutionListener, org.springframework.boot.test.autoconfigure.restdocs.RestDocsTestExecutionListener, org.springframework.boot.test.autoconfigure.web.client.MockRestServiceServerResetTestExecutionListener, org.springframework.boot.test.autoconfigure.web.servlet.MockMvcPrintOnlyOnFailureTestExecutionListener, org.springframework.boot.test.autoconfigure.web.servlet.WebDriverTestExecutionListener, org.springframework.test.context.web.ServletTestExecutionListener, org.springframework.test.context.support.DirtiesContextBeforeModesTestExecutionListener, org.springframework.test.context.support.DependencyInjectionTestExecutionListener, org.springframework.test.context.support.DirtiesContextTestExecutionListener, org.springframework.test.context.transaction.TransactionalTestExecutionListener, org.springframework.test.context.jdbc.SqlScriptsTestExecutionListener]
2020-11-29 12:44:10.304  INFO 15232 --- [           main] .b.t.c.SpringBootTestContextBootstrapper : Using TestExecutionListeners: [org.springframework.test.context.web.ServletTestExecutionListener@46ff1aad, org.springframework.test.context.support.DirtiesContextBeforeModesTestExecutionListener@6c2fea95, org.springframework.boot.test.mock.mockito.MockitoTestExecutionListener@6ed87ccf, org.springframework.boot.test.autoconfigure.SpringBootDependencyInjectionTestExecutionListener@4d4600fb, org.springframework.test.context.support.DirtiesContextTestExecutionListener@7352418c, org.springframework.test.context.transaction.TransactionalTestExecutionListener@60ba6631, org.springframework.test.context.jdbc.SqlScriptsTestExecutionListener@4d2950ed, org.springframework.boot.test.mock.mockito.ResetMocksTestExecutionListener@3095d06b, org.springframework.boot.test.autoconfigure.restdocs.RestDocsTestExecutionListener@51aaa9d4, org.springframework.boot.test.autoconfigure.web.client.MockRestServiceServerResetTestExecutionListener@6292c63e, org.springframework.boot.test.autoconfigure.web.servlet.MockMvcPrintOnlyOnFailureTestExecutionListener@65bb4cb9, org.springframework.boot.test.autoconfigure.web.servlet.WebDriverTestExecutionListener@7b33deed]
Hibernate: select next_val as id_val from hibernate_sequence for update
Hibernate: update hibernate_sequence set next_val= ? where next_val=?
Hibernate: insert into curvepoint (as_of_date, creation_date, curve_id, term, value, id) values (?, ?, ?, ?, ?, ?)
]]></system-out>
  </testcase>
</testsuite>